TN:
SF:script/Deploy.s.sol
DA:14,0
FN:14,Deploy.run
FNDA:0,Deploy.run
DA:16,0
DA:17,0
DA:18,0
BRDA:18,0,0,-
DA:19,0
DA:22,0
DA:23,0
DA:24,0
BRDA:24,1,0,-
DA:25,0
DA:28,0
DA:29,0
DA:30,0
BRDA:30,2,0,-
DA:31,0
DA:34,0
DA:35,0
DA:36,0
BRDA:36,3,0,-
DA:37,0
DA:40,0
DA:41,0
DA:42,0
BRDA:42,4,0,-
DA:43,0
DA:46,0
DA:47,0
DA:48,0
BRDA:48,5,0,-
DA:49,0
DA:53,0
DA:56,0
DA:59,0
DA:60,0
DA:61,0
DA:62,0
DA:68,0
DA:71,0
DA:77,0
DA:78,0
DA:79,0
DA:80,0
DA:101,0
DA:104,0
FN:104,Deploy._restrictFunctions
FNDA:0,Deploy._restrictFunctions
DA:111,0
DA:112,0
DA:113,0
DA:114,0
DA:115,0
DA:116,0
DA:117,0
DA:118,0
DA:121,0
FN:121,Deploy._asSingletonArray
FNDA:0,Deploy._asSingletonArray
DA:122,0
DA:123,0
DA:124,0
FNF:3
FNH:0
LF:51
LH:0
BRF:6
BRH:0
end_of_record
TN:
SF:src/ChmAdvisorVesting.sol
DA:36,0
FN:36,ChmAdvisorVesting.setChmTokenAddress
FNDA:0,ChmAdvisorVesting.setChmTokenAddress
DA:37,0
DA:40,0
FN:40,ChmAdvisorVesting.beginVesting
FNDA:0,ChmAdvisorVesting.beginVesting
DA:41,0
BRDA:41,0,0,-
DA:42,0
DA:44,0
BRDA:44,1,0,-
DA:45,0
DA:47,0
BRDA:47,2,0,-
DA:48,0
DA:50,0
DA:51,0
DA:52,0
BRDA:52,3,0,-
DA:53,0
DA:55,0
DA:56,0
DA:57,0
DA:59,0
DA:60,0
DA:61,0
DA:62,0
DA:63,0
BRDA:63,4,0,-
DA:64,0
DA:65,0
DA:68,0
DA:69,0
BRDA:69,5,0,-
DA:70,0
DA:72,0
DA:73,0
DA:76,0
FN:76,ChmAdvisorVesting.release
FNDA:0,ChmAdvisorVesting.release
DA:77,0
DA:78,0
BRDA:78,6,0,-
DA:79,0
DA:81,0
DA:82,0
DA:83,0
DA:86,0
FN:86,ChmAdvisorVesting.released
FNDA:0,ChmAdvisorVesting.released
DA:87,0
DA:90,0
FN:90,ChmAdvisorVesting.totalAmount
FNDA:0,ChmAdvisorVesting.totalAmount
DA:91,0
DA:94,0
FN:94,ChmAdvisorVesting.vestedAmount
FNDA:0,ChmAdvisorVesting.vestedAmount
DA:95,0
DA:98,0
FN:98,ChmAdvisorVesting._vestingSchedule
FNDA:0,ChmAdvisorVesting._vestingSchedule
DA:99,0
BRDA:99,7,0,-
BRDA:99,7,1,-
DA:100,0
DA:101,0
BRDA:101,8,0,-
BRDA:101,8,1,-
DA:102,0
DA:104,0
FNF:7
FNH:0
LF:47
LH:0
BRF:11
BRH:0
end_of_record
TN:
SF:src/ChmIco.sol
DA:76,0
FN:76,ChmIco.constructor
FNDA:0,ChmIco.constructor
DA:83,0
BRDA:83,0,0,-
DA:84,0
DA:86,0
DA:87,0
DA:88,0
DA:89,0
DA:92,0
DA:93,0
DA:94,0
DA:95,0
DA:96,0
DA:97,0
DA:98,0
DA:99,0
DA:100,0
DA:101,0
DA:102,0
DA:103,0
DA:104,0
DA:105,0
DA:108,0
FN:108,ChmIco.startIco
FNDA:0,ChmIco.startIco
DA:109,0
BRDA:109,1,0,-
DA:110,0
DA:112,0
DA:113,0
DA:116,0
FN:116,ChmIco.icoActive
FNDA:0,ChmIco.icoActive
DA:117,0
BRDA:117,2,0,-
DA:118,0
DA:123,0
FN:123,ChmIco.getLatestUsdtEthPrice
FNDA:0,ChmIco.getLatestUsdtEthPrice
DA:124,0
DA:125,0
DA:128,0
FN:128,ChmIco.purchaseTokens
FNDA:0,ChmIco.purchaseTokens
DA:135,0
BRDA:135,3,0,-
DA:136,0
DA:138,0
DA:139,0
BRDA:139,4,0,-
DA:140,0
DA:142,0
DA:143,0
BRDA:143,5,0,-
BRDA:143,5,1,-
DA:144,0
DA:145,0
BRDA:145,6,0,-
DA:146,0
DA:148,0
DA:149,0
BRDA:149,7,0,-
BRDA:149,7,1,-
DA:150,0
DA:151,0
BRDA:151,8,0,-
DA:152,0
DA:154,0
DA:155,0
BRDA:155,9,0,-
BRDA:155,9,1,-
DA:156,0
DA:157,0
BRDA:157,10,0,-
DA:158,0
DA:160,0
DA:162,0
DA:164,0
BRDA:164,11,0,-
DA:165,0
DA:169,0
BRDA:169,12,0,-
DA:170,0
DA:171,0
DA:173,0
DA:174,0
DA:175,0
DA:176,0
DA:178,0
BRDA:178,13,0,-
DA:179,0
DA:183,0
DA:184,0
BRDA:184,14,0,-
BRDA:184,14,1,-
DA:185,0
DA:186,0
DA:187,0
BRDA:187,15,0,-
BRDA:187,15,1,-
DA:188,0
DA:189,0
DA:190,0
BRDA:190,16,0,-
DA:191,0
DA:193,0
BRDA:193,17,0,-
DA:194,0
DA:197,0
DA:200,0
FN:200,ChmIco.progressStage
FNDA:0,ChmIco.progressStage
DA:201,0
DA:204,0
FN:204,ChmIco.endIco
FNDA:0,ChmIco.endIco
DA:205,0
DA:208,0
FN:208,ChmIco._endIco
FNDA:0,ChmIco._endIco
DA:209,0
BRDA:209,18,0,-
BRDA:209,18,1,-
DA:210,0
DA:212,0
DA:216,0
FN:216,ChmIco._icoSucceeded
FNDA:0,ChmIco._icoSucceeded
DA:217,0
DA:219,0
DA:220,0
DA:221,0
DA:222,0
DA:224,0
DA:228,0
DA:229,0
BRDA:229,19,0,-
DA:230,0
DA:231,0
BRDA:231,20,0,-
DA:232,0
DA:235,0
DA:236,0
BRDA:236,21,0,-
DA:237,0
DA:239,0
DA:240,0
BRDA:240,22,0,-
DA:241,0
DA:243,0
DA:246,0
FN:246,ChmIco._icoFailed
FNDA:0,ChmIco._icoFailed
DA:247,0
DA:248,0
DA:251,0
FN:251,ChmIco._progressStage
FNDA:0,ChmIco._progressStage
DA:252,0
BRDA:252,23,0,-
DA:253,0
DA:255,0
BRDA:255,24,0,-
DA:256,0
DA:257,0
DA:259,0
DA:260,0
DA:261,0
BRDA:261,25,0,-
DA:262,0
DA:264,0
DA:265,0
DA:267,0
DA:270,0
FN:270,ChmIco.refund
FNDA:0,ChmIco.refund
DA:271,0
BRDA:271,26,0,-
DA:272,0
DA:275,0
DA:276,0
BRDA:276,27,0,-
DA:277,0
DA:281,0
DA:282,0
DA:283,0
DA:284,0
DA:285,0
BRDA:285,28,0,-
DA:286,0
DA:289,0
BRDA:289,29,0,-
BRDA:289,29,1,-
DA:290,0
DA:293,0
DA:294,0
DA:295,0
DA:296,0
DA:297,0
DA:303,0
FN:303,ChmIco._refundUdst
FNDA:0,ChmIco._refundUdst
DA:304,0
BRDA:304,30,0,-
DA:305,0
DA:306,0
DA:308,0
BRDA:308,31,0,-
DA:309,0
DA:310,0
DA:313,0
DA:314,0
DA:316,0
DA:321,0
FN:321,ChmIco._refundUsdc
FNDA:0,ChmIco._refundUsdc
DA:322,0
BRDA:322,32,0,-
DA:323,0
DA:324,0
DA:326,0
BRDA:326,33,0,-
DA:327,0
DA:328,0
DA:331,0
DA:332,0
DA:334,0
DA:339,0
FN:339,ChmIco._refundEth
FNDA:0,ChmIco._refundEth
DA:340,0
BRDA:340,34,0,-
DA:341,0
DA:342,0
BRDA:342,35,0,-
DA:343,0
DA:344,0
DA:346,0
DA:347,0
DA:351,0
FN:351,ChmIco.getIcoState
FNDA:0,ChmIco.getIcoState
DA:352,0
DA:355,0
FN:355,ChmIco.getStageDetails
FNDA:0,ChmIco.getStageDetails
DA:356,0
FNF:17
FNH:0
LF:172
LH:0
BRF:43
BRH:0
end_of_record
TN:
SF:src/ChmPublicVesting.sol
DA:17,0
FN:17,ChmPublicVesting.beginVesting
FNDA:0,ChmPublicVesting.beginVesting
DA:18,0
BRDA:18,0,0,-
BRDA:18,0,1,-
DA:19,0
DA:20,0
DA:22,0
DA:25,0
FNF:1
FNH:0
LF:6
LH:0
BRF:2
BRH:0
end_of_record
TN:
SF:src/ChmTeamVesting.sol
DA:26,0
FN:26,ChmTeamVesting.constructor
FNDA:0,ChmTeamVesting.constructor
DA:27,0
DA:28,0
DA:29,0
DA:33,0
FN:33,ChmTeamVesting.setChmTokenAddress
FNDA:0,ChmTeamVesting.setChmTokenAddress
DA:34,0
DA:37,0
FN:37,ChmTeamVesting.beginVesting
FNDA:0,ChmTeamVesting.beginVesting
DA:38,0
DA:39,0
DA:41,0
DA:42,0
DA:43,0
DA:44,0
DA:45,0
DA:46,0
DA:47,0
DA:48,0
DA:49,0
DA:50,0
DA:51,0
DA:52,0
BRDA:52,0,0,-
DA:53,0
DA:54,0
DA:56,0
DA:58,0
DA:59,0
BRDA:59,1,0,-
DA:60,0
DA:62,0
FNF:3
FNH:0
LF:28
LH:0
BRF:2
BRH:0
end_of_record
TN:
SF:src/ChmToken.sol
DA:28,45
FN:28,ChmToken.constructor
FNDA:45,ChmToken.constructor
DA:33,45
DA:34,215
BRDA:34,0,0,5
DA:35,5
DA:38,40
DA:45,40
DA:46,40
DA:47,200
DA:51,2
FN:51,ChmToken.getAllocations
FNDA:2,ChmToken.getAllocations
DA:52,2
DA:55,5
FN:55,ChmToken.remainingAllocation
FNDA:5,ChmToken.remainingAllocation
DA:56,5
DA:59,9
FN:59,ChmToken.pause
FNDA:9,ChmToken.pause
DA:60,7
DA:63,3
FN:63,ChmToken.unpause
FNDA:3,ChmToken.unpause
DA:64,2
DA:67,202
FN:67,ChmToken.clock
FNDA:202,ChmToken.clock
DA:68,214
DA:72,1
FN:72,ChmToken.CLOCK_MODE
FNDA:1,ChmToken.CLOCK_MODE
DA:73,1
DA:78,208
FN:78,ChmToken._update
FNDA:208,ChmToken._update
DA:79,208
DA:82,7
FN:82,ChmToken.nonces
FNDA:7,ChmToken.nonces
DA:83,7
FNF:9
FNH:9
LF:24
LH:24
BRF:1
BRH:1
end_of_record
TN:
SF:src/utils/RoleUtility.sol
DA:22,40
FN:22,RoleUtility.constructor
FNDA:40,RoleUtility.constructor
DA:24,40
DA:25,40
DA:26,40
DA:31,0
FN:31,RoleUtility.addRole
FNDA:0,RoleUtility.addRole
DA:32,0
DA:36,40
FN:36,RoleUtility._addRole
FNDA:40,RoleUtility._addRole
DA:37,40
BRDA:37,0,0,-
DA:38,0
DA:40,40
DA:41,40
DA:42,40
DA:43,40
DA:44,40
DA:48,82
FN:48,RoleUtility.getRoleIds
FNDA:82,RoleUtility.getRoleIds
DA:49,82
BRDA:49,1,0,-
DA:50,0
DA:52,82
DA:56,0
FN:56,RoleUtility.getAllRoleNames
FNDA:0,RoleUtility.getAllRoleNames
DA:57,0
FNF:5
FNH:3
LF:20
LH:14
BRF:2
BRH:0
end_of_record
